Command,Sell,Item,"Sunday, September 29, 2019 12:07:33 AM EDT","Kaylerrrr",16,SNOWBALL,0,"Kaylerrrr",16.0,money,$,"world",948,106,-747,
Command,Sell,Item,"Sunday, September 29, 2019 12:07:47 AM EDT","Kaylerrrr",64,GRAVEL,0,"Kaylerrrr",64.0,money,$,"world",948,106,-747,
Command,Sell,Item,"Sunday, September 29, 2019 12:08:31 AM EDT","Kaylerrrr",128,GRAVEL,0,"Kaylerrrr",128.0,money,$,"world",948,106,-747,
Command,Sell,Item,"Sunday, September 29, 2019 12:08:50 AM EDT","Kaylerrrr",128,GRAVEL,0,"Kaylerrrr",128.0,money,$,"world",948,106,-746,
Command,Sell,Item,"Sunday, September 29, 2019 12:08:59 AM EDT","Kaylerrrr",128,GRAVEL,0,"Kaylerrrr",128.0,money,$,"world",948,106,-746,
Command,Sell,Item,"Sunday, September 29, 2019 12:09:09 AM EDT","Kaylerrrr",64,GRAVEL,0,"Kaylerrrr",64.0,money,$,"world",948,106,-746,
Command,Sell,Item,"Sunday, September 29, 2019 12:09:13 AM EDT","Kaylerrrr",56,GRAVEL,0,"Kaylerrrr",56.0,money,$,"world",948,106,-746,
Command,Sell,Item,"Sunday, September 29, 2019 12:09:52 AM EDT","Kaylerrrr",1,GRAVEL,0,"Kaylerrrr",1.0,money,$,"world",948,106,-746,
Command,Sell,Item,"Sunday, September 29, 2019 12:28:28 AM EDT","Kaylerrrr",128,GRAVEL,0,"Kaylerrrr",128.0,money,$,"world",948,106,-747,
Command,Sell,Item,"Sunday, September 29, 2019 12:28:32 AM EDT","Kaylerrrr",128,GRAVEL,0,"Kaylerrrr",128.0,money,$,"world",948,106,-747,
Command,Sell,Item,"Sunday, September 29, 2019 12:28:42 AM EDT","Kaylerrrr",128,GRAVEL,0,"Kaylerrrr",128.0,money,$,"world",948,106,-747,
Command,Sell,Item,"Sunday, September 29, 2019 12:28:49 AM EDT","Kaylerrrr",64,GRAVEL,0,"Kaylerrrr",64.0,money,$,"world",948,106,-747,
Command,Sell,Item,"Sunday, September 29, 2019 12:29:10 AM EDT","Kaylerrrr",34,GRAVEL,0,"Kaylerrrr",34.0,money,$,"world",948,106,-746,
Command,Sell,Item,"Sunday, September 29, 2019 12:58:51 AM EDT","Kaylerrrr",64,GRAVEL,0,"Kaylerrrr",64.0,money,$,"world",949,106,-747,
Command,Sell,Item,"Sunday, September 29, 2019 12:58:55 AM EDT","Kaylerrrr",18,GRAVEL,0,"Kaylerrrr",18.0,money,$,"world",949,106,-747,
Command,Sell,Item,"Thursday, October 3, 2019 11:06:12 PM EDT","Kaylerrrr",64,GRAVEL,0,"Kaylerrrr",64.0,money,$,"world",964,96,-747,
Command,Sell,Item,"Friday, October 4, 2019 12:33:49 AM EDT","Kaylerrrr",128,GRAVEL,0,"Kaylerrrr",128.0,money,$,"world",954,100,-750,
Command,Sell,Item,"Friday, October 4, 2019 12:33:56 AM EDT","Kaylerrrr",124,GRAVEL,0,"Kaylerrrr",124.0,money,$,"world",954,100,-750,
Command,Sell,Item,"Friday, October 4, 2019 12:34:08 AM EDT","Kaylerrrr",128,GRAVEL,0,"Kaylerrrr",128.0,money,$,"world",954,100,-750,
Command,Sell,Item,"Friday, October 4, 2019 12:44:39 AM EDT","Kaylerrrr",128,GRAVEL,0,"Kaylerrrr",128.0,money,$,"world",968,96,-752,
Command,Sell,Item,"Friday, October 4, 2019 12:44:44 AM EDT","Kaylerrrr",64,GRAVEL,0,"Kaylerrrr",64.0,money,$,"world",968,96,-752,
Command,Sell,Item,"Friday, October 4, 2019 12:47:16 AM EDT","HyperZenGirl",20,GRAVEL,0,"HyperZenGirl",20.0,money,$,"world",943,92,-746,
Command,Sell,Item,"Friday, October 4, 2019 1:35:20 AM EDT","HyperZenGirl",1,STONE_BUTTON,0,"HyperZenGirl",6.0,money,$,"world",948,100,-749,
Command,Sell,Item,"Friday, October 4, 2019 1:36:03 AM EDT","HyperZenGirl",64,STONE_BUTTON,0,"HyperZenGirl",384.0,money,$,"world",948,100,-749,
Command,Sell,Item,"Friday, October 4, 2019 1:36:11 AM EDT","HyperZenGirl",64,STONE_BUTTON,0,"HyperZenGirl",384.0,money,$,"world",948,100,-749,
Command,Sell,Item,"Friday, October 4, 2019 1:36:14 AM EDT","HyperZenGirl",64,STONE_BUTTON,0,"HyperZenGirl",384.0,money,$,"world",948,100,-749,
Command,Sell,Item,"Friday, October 4, 2019 1:36:17 AM EDT","HyperZenGirl",64,STONE_BUTTON,0,"HyperZenGirl",384.0,money,$,"world",948,100,-749,
Command,Sell,Item,"Friday, October 4, 2019 1:37:33 AM EDT","HyperZenGirl",64,STONE_BUTTON,0,"HyperZenGirl",384.0,money,$,"world",954,100,-749,
Command,Sell,Item,"Friday, October 4, 2019 1:37:35 AM EDT","HyperZenGirl",64,STONE_BUTTON,0,"HyperZenGirl",384.0,money,$,"world",954,100,-749,
Command,Sell,Item,"Friday, October 4, 2019 1:39:16 AM EDT","HyperZenGirl",64,STONE_BUTTON,0,"HyperZenGirl",384.0,money,$,"world",952,100,-750,
Command,Sell,Item,"Friday, October 4, 2019 1:39:22 AM EDT","HyperZenGirl",43,STONE_BUTTON,0,"HyperZenGirl",258.0,money,$,"world",952,100,-750,
Command,Sell,Item,"Friday, October 4, 2019 1:39:57 AM EDT","HyperZenGirl",2,STONE_BUTTON,0,"HyperZenGirl",12.0,money,$,"world",952,100,-750,
Command,Sell,Item,"Friday, October 4, 2019 9:58:28 PM EDT","Kaylerrrr",128,GRAVEL,0,"Kaylerrrr",70.40,money,$,"world",986,96,-757,
Command,Sell,Item,"Friday, October 4, 2019 10:02:17 PM EDT","Kaylerrrr",32,FLINT,0,"Kaylerrrr",17.60,money,$,"world",979,96,-759,
Command,Sell,Item,"Friday, October 4, 2019 10:10:13 PM EDT","Kaylerrrr",128,GRAVEL,0,"Kaylerrrr",70.40,money,$,"world",988,96,-759,
Command,Sell,Item,"Friday, October 4, 2019 10:10:24 PM EDT","Kaylerrrr",128,GRAVEL,0,"Kaylerrrr",70.40,money,$,"world",988,96,-759,
Command,Sell,Item,"Friday, October 4, 2019 10:12:11 PM EDT","Kaylerrrr",125,GRAVEL,0,"Kaylerrrr",68.75,money,$,"world",948,100,-748,
Command,Sell,Item,"Tuesday, November 26, 2019 9:44:35 PM EST","WizzleWuzzle",1,SPRUCE_LOG,0,"WizzleWuzzle",7.0,money,$,"world",-653,62,-1039,
Command,Sell,Item,"Tuesday, November 26, 2019 9:44:52 PM EST","WizzleWuzzle",64,SPRUCE_LOG,0,"WizzleWuzzle",448.0,money,$,"world",-655,62,-1038,
Command,Sell,Item,"Tuesday, November 26, 2019 9:44:55 PM EST","WizzleWuzzle",64,SPRUCE_LOG,0,"WizzleWuzzle",448.0,money,$,"world",-655,62,-1038,
Command,Sell,Item,"Tuesday, November 26, 2019 9:44:58 PM EST","WizzleWuzzle",64,SPRUCE_LOG,0,"WizzleWuzzle",448.0,money,$,"world",-655,62,-1038,
Command,Sell,Item,"Tuesday, November 26, 2019 9:45:17 PM EST","WizzleWuzzle",64,SPRUCE_LOG,0,"WizzleWuzzle",448.0,money,$,"world",-655,62,-1038,
Command,Sell,Item,"Tuesday, November 26, 2019 9:45:20 PM EST","WizzleWuzzle",64,SPRUCE_LOG,0,"WizzleWuzzle",448.0,money,$,"world",-655,62,-1038,
Command,Sell,Item,"Tuesday, November 26, 2019 9:45:22 PM EST","WizzleWuzzle",64,SPRUCE_LOG,0,"WizzleWuzzle",448.0,money,$,"world",-655,62,-1038,
Command,Sell,Item,"Tuesday, November 26, 2019 9:45:24 PM EST","WizzleWuzzle",64,SPRUCE_LOG,0,"WizzleWuzzle",448.0,money,$,"world",-655,62,-1038,
Command,Sell,Item,"Tuesday, November 26, 2019 9:45:26 PM EST","WizzleWuzzle",64,SPRUCE_LOG,0,"WizzleWuzzle",448.0,money,$,"world",-655,62,-1038,
Command,Sell,Item,"Tuesday, November 26, 2019 9:45:32 PM EST","WizzleWuzzle",64,SPRUCE_LOG,0,"WizzleWuzzle",448.0,money,$,"world",-655,62,-1038,
Command,Sell,Item,"Tuesday, November 26, 2019 9:45:38 PM EST","WizzleWuzzle",64,SPRUCE_LOG,0,"WizzleWuzzle",448.0,money,$,"world",-655,62,-1038,
Command,Sell,Item,"Tuesday, November 26, 2019 9:45:41 PM EST","WizzleWuzzle",64,SPRUCE_LOG,0,"WizzleWuzzle",448.0,money,$,"world",-655,62,-1038,
Command,Sell,Item,"Tuesday, November 26, 2019 9:45:44 PM EST","WizzleWuzzle",64,SPRUCE_LOG,0,"WizzleWuzzle",448.0,money,$,"world",-655,62,-1038,
Command,Sell,Item,"Tuesday, November 26, 2019 9:47:32 PM EST","WizzleWuzzle",64,SPRUCE_LOG,0,"WizzleWuzzle",448.0,money,$,"world",-655,62,-1037,
Command,Sell,Item,"Tuesday, November 26, 2019 9:47:35 PM EST","WizzleWuzzle",64,SPRUCE_LOG,0,"WizzleWuzzle",448.0,money,$,"world",-655,62,-1037,
Command,Sell,Item,"Tuesday, November 26, 2019 9:47:37 PM EST","WizzleWuzzle",64,SPRUCE_LOG,0,"WizzleWuzzle",448.0,money,$,"world",-655,62,-1037,
Command,Sell,Item,"Tuesday, November 26, 2019 9:47:39 PM EST","WizzleWuzzle",64,SPRUCE_LOG,0,"WizzleWuzzle",448.0,money,$,"world",-655,62,-1037,
Command,Sell,Item,"Tuesday, November 26, 2019 9:47:41 PM EST","WizzleWuzzle",64,SPRUCE_LOG,0,"WizzleWuzzle",448.0,money,$,"world",-655,62,-1037,
Command,Sell,Item,"Tuesday, November 26, 2019 9:47:43 PM EST","WizzleWuzzle",64,SPRUCE_LOG,0,"WizzleWuzzle",448.0,money,$,"world",-655,62,-1037,
Command,Sell,Item,"Tuesday, November 26, 2019 9:48:26 PM EST","WizzleWuzzle",64,SPRUCE_LOG,0,"WizzleWuzzle",448.0,money,$,"world",-655,62,-1037,
Command,Sell,Item,"Tuesday, November 26, 2019 9:48:28 PM EST","WizzleWuzzle",64,SPRUCE_LOG,0,"WizzleWuzzle",448.0,money,$,"world",-655,62,-1037,
Command,Sell,Item,"Tuesday, November 26, 2019 9:48:33 PM EST","WizzleWuzzle",64,SPRUCE_LOG,0,"WizzleWuzzle",448.0,money,$,"world",-655,62,-1037,
Command,Sell,Item,"Tuesday, November 26, 2019 9:54:07 PM EST","WizzleWuzzle",64,WHEAT_SEEDS,0,"WizzleWuzzle",70.4,money,$,"world",-654,62,-1038,
Command,Sell,Item,"Tuesday, November 26, 2019 9:54:11 PM EST","WizzleWuzzle",64,WHEAT_SEEDS,0,"WizzleWuzzle",70.4,money,$,"world",-654,62,-1038,
Command,Sell,Item,"Tuesday, November 26, 2019 9:54:38 PM EST","WizzleWuzzle",1,CHARCOAL,0,"WizzleWuzzle",12.71,money,$,"world",-654,62,-1037,
Command,Sell,Item,"Tuesday, November 26, 2019 9:56:57 PM EST","andydragonbolt",1024,CHARCOAL,0,"andydragonbolt",13015.04,money,$,"world",-150,63,89,
Command,Sell,Item,"Tuesday, November 26, 2019 9:59:43 PM EST","andydragonbolt",1,BOW,323,"andydragonbolt",9.97,money,$,"world",-158,68,138,
Command,Sell,Item,"Tuesday, November 26, 2019 9:59:48 PM EST","andydragonbolt",70,BAMBOO,0,"andydragonbolt",42.0,money,$,"world",-160,65,140,
Command,Sell,Item,"Tuesday, November 26, 2019 10:17:49 PM EST","WizzleWuzzle",64,SPRUCE_LOG,0,"WizzleWuzzle",448.0,money,$,"world",-650,62,-1038,
Command,Sell,Item,"Tuesday, November 26, 2019 10:17:52 PM EST","WizzleWuzzle",64,SPRUCE_LOG,0,"WizzleWuzzle",448.0,money,$,"world",-650,62,-1038,
Command,Sell,Item,"Tuesday, November 26, 2019 10:17:54 PM EST","WizzleWuzzle",64,SPRUCE_LOG,0,"WizzleWuzzle",448.0,money,$,"world",-650,62,-1038,
Command,Sell,Item,"Tuesday, November 26, 2019 10:17:56 PM EST","WizzleWuzzle",64,SPRUCE_LOG,0,"WizzleWuzzle",448.0,money,$,"world",-650,62,-1038,
Command,Sell,Item,"Tuesday, November 26, 2019 10:17:58 PM EST","WizzleWuzzle",64,SPRUCE_LOG,0,"WizzleWuzzle",448.0,money,$,"world",-650,62,-1038,
Command,Sell,Item,"Tuesday, November 26, 2019 10:18:00 PM EST","WizzleWuzzle",64,SPRUCE_LOG,0,"WizzleWuzzle",448.0,money,$,"world",-650,62,-1038,
Command,Sell,Item,"Tuesday, November 26, 2019 10:20:48 PM EST","WizzleWuzzle",64,SPRUCE_LOG,0,"WizzleWuzzle",448.0,money,$,"world",-651,62,-1038,
Command,Sell,Item,"Tuesday, November 26, 2019 10:20:50 PM EST","WizzleWuzzle",64,SPRUCE_LOG,0,"WizzleWuzzle",448.0,money,$,"world",-651,62,-1038,
Command,Sell,Item,"Tuesday, November 26, 2019 10:29:17 PM EST","WizzleWuzzle",64,SPRUCE_LOG,0,"WizzleWuzzle",448.0,money,$,"world",-654,62,-1038,
Command,Sell,Item,"Tuesday, November 26, 2019 10:29:19 PM EST","WizzleWuzzle",64,SPRUCE_LOG,0,"WizzleWuzzle",448.0,money,$,"world",-654,62,-1038,
Command,Sell,Item,"Tuesday, November 26, 2019 10:29:21 PM EST","WizzleWuzzle",64,SPRUCE_LOG,0,"WizzleWuzzle",448.0,money,$,"world",-654,62,-1038,
Command,Sell,Item,"Tuesday, November 26, 2019 10:31:20 PM EST","WizzleWuzzle",64,SPRUCE_LOG,0,"WizzleWuzzle",448.0,money,$,"world",-655,62,-1038,
Command,Sell,Item,"Tuesday, November 26, 2019 10:31:22 PM EST","WizzleWuzzle",64,SPRUCE_LOG,0,"WizzleWuzzle",448.0,money,$,"world",-655,62,-1038,
Command,Sell,Item,"Tuesday, November 26, 2019 10:31:23 PM EST","WizzleWuzzle",64,SPRUCE_LOG,0,"WizzleWuzzle",448.0,money,$,"world",-655,62,-1038,
Command,Sell,Item,"Tuesday, November 26, 2019 10:31:25 PM EST","WizzleWuzzle",64,SPRUCE_LOG,0,"WizzleWuzzle",448.0,money,$,"world",-655,62,-1038,
Command,Sell,Item,"Tuesday, November 26, 2019 10:31:26 PM EST","WizzleWuzzle",64,SPRUCE_LOG,0,"WizzleWuzzle",448.0,money,$,"world",-655,62,-1038,
Command,Sell,Item,"Tuesday, November 26, 2019 10:31:29 PM EST","WizzleWuzzle",64,SPRUCE_LOG,0,"WizzleWuzzle",448.0,money,$,"world",-655,62,-1038,
Command,Sell,Item,"Tuesday, November 26, 2019 10:31:31 PM EST","WizzleWuzzle",64,SPRUCE_LOG,0,"WizzleWuzzle",448.0,money,$,"world",-655,62,-1038,
Command,Sell,Item,"Tuesday, November 26, 2019 10:31:37 PM EST","WizzleWuzzle",64,CHARCOAL,0,"WizzleWuzzle",813.44,money,$,"world",-652,62,-1039,
Command,Sell,Item,"Tuesday, November 26, 2019 10:31:50 PM EST","WizzleWuzzle",31,CHARCOAL,0,"WizzleWuzzle",394.01,money,$,"world",-651,62,-1038,
Command,Sell,Item,"Tuesday, November 26, 2019 10:44:19 PM EST","WizzleWuzzle",64,SPRUCE_LOG,0,"WizzleWuzzle",448.0,money,$,"world",-639,63,-1033,
Command,Sell,Item,"Tuesday, November 26, 2019 10:44:21 PM EST","WizzleWuzzle",64,SPRUCE_LOG,0,"WizzleWuzzle",448.0,money,$,"world",-639,63,-1033,
Command,Sell,Item,"Tuesday, November 26, 2019 10:44:23 PM EST","WizzleWuzzle",64,SPRUCE_LOG,0,"WizzleWuzzle",448.0,money,$,"world",-639,63,-1033,
Command,Sell,Item,"Tuesday, November 26, 2019 10:44:27 PM EST","WizzleWuzzle",64,SPRUCE_LOG,0,"WizzleWuzzle",448.0,money,$,"world",-639,63,-1033,
Command,Sell,Item,"Tuesday, November 26, 2019 10:46:30 PM EST","WizzleWuzzle",64,SPRUCE_LOG,0,"WizzleWuzzle",448.0,money,$,"world",-634,64,-1034,
Command,Sell,Item,"Tuesday, November 26, 2019 10:46:32 PM EST","WizzleWuzzle",64,SPRUCE_LOG,0,"WizzleWuzzle",448.0,money,$,"world",-634,64,-1034,
Command,Sell,Item,"Tuesday, November 26, 2019 10:46:35 PM EST","WizzleWuzzle",64,SPRUCE_LOG,0,"WizzleWuzzle",448.0,money,$,"world",-634,64,-1034,
Command,Sell,Item,"Tuesday, November 26, 2019 10:46:37 PM EST","WizzleWuzzle",64,SPRUCE_LOG,0,"WizzleWuzzle",448.0,money,$,"world",-634,64,-1034,
Command,Sell,Item,"Tuesday, November 26, 2019 10:46:40 PM EST","WizzleWuzzle",128,SPRUCE_LOG,0,"WizzleWuzzle",896.0,money,$,"world",-634,64,-1034,
Command,Sell,Item,"Tuesday, November 26, 2019 10:46:51 PM EST","WizzleWuzzle",256,SPRUCE_LOG,0,"WizzleWuzzle",1792.0,money,$,"world",-634,64,-1034,
Command,Sell,Item,"Tuesday, November 26, 2019 10:50:53 PM EST","WizzleWuzzle",512,SPRUCE_LOG,0,"WizzleWuzzle",3584.0,money,$,"world",-636,64,-1036,
Command,Sell,Item,"Tuesday, November 26, 2019 10:52:00 PM EST","WizzleWuzzle",256,SPRUCE_LOG,0,"WizzleWuzzle",1792.0,money,$,"world",-637,64,-1033,
Command,Sell,Item,"Tuesday, November 26, 2019 10:52:08 PM EST","WizzleWuzzle",128,SPRUCE_LOG,0,"WizzleWuzzle",896.0,money,$,"world",-637,64,-1033,
Command,Sell,Item,"Tuesday, November 26, 2019 10:54:35 PM EST","WizzleWuzzle",128,SPRUCE_LOG,0,"WizzleWuzzle",896.0,money,$,"world",-638,64,-1032,
Command,Sell,Item,"Tuesday, November 26, 2019 10:54:38 PM EST","WizzleWuzzle",128,SPRUCE_LOG,0,"WizzleWuzzle",896.0,money,$,"world",-638,64,-1032,
Command,Sell,Item,"Tuesday, November 26, 2019 10:56:05 PM EST","WizzleWuzzle",128,SPRUCE_LOG,0,"WizzleWuzzle",896.0,money,$,"world",-649,62,-1038,
Command,Sell,Item,"Tuesday, November 26, 2019 10:56:11 PM EST","WizzleWuzzle",128,STICK,0,"WizzleWuzzle",28.16,money,$,"world",-649,62,-1038,
Command,Sell,Item,"Wednesday, November 27, 2019 3:08:32 PM EST","WizzleWuzzle",1,PODZOL,0,"WizzleWuzzle",2.63,money,$,"world",-641,63,-1036,
Command,Sell,Item,"Wednesday, November 27, 2019 3:09:52 PM EST","WizzleWuzzle",1,DIRT,0,"WizzleWuzzle",0.53,money,$,"world",-650,62,-1038,
Command,Sell,Item,"Wednesday, November 27, 2019 6:43:38 PM EST","andydragonbolt",1,BOW,374,"andydragonbolt",9.97,money,$,"world",-567,20,-16,
Command,Sell,Item,"Wednesday, November 27, 2019 7:09:44 PM EST","andydragonbolt",1,BOW,307,"andydragonbolt",9.97,money,$,"world",-163,64,130,
Command,Sell,Item,"Wednesday, November 27, 2019 7:09:47 PM EST","andydragonbolt",1,BOW,382,"andydragonbolt",9.97,money,$,"world",-163,64,130,
Command,Sell,Item,"Wednesday, November 27, 2019 7:09:51 PM EST","andydragonbolt",1,BOW,366,"andydragonbolt",9.97,money,$,"world",-163,64,130,
Command,Sell,Item,"Wednesday, November 27, 2019 7:09:54 PM EST","andydragonbolt",1,BOW,19,"andydragonbolt",9.97,money,$,"world",-163,64,130,
Command,Sell,Item,"Wednesday, November 27, 2019 7:15:45 PM EST","andydragonbolt",65,STONE,0,"andydragonbolt",150.15,money,$,"world",-174,64,129,
Command,Sell,Item,"Wednesday, November 27, 2019 7:19:17 PM EST","andydragonbolt",1,BAMBOO,0,"andydragonbolt",0.6,money,$,"world",-107,64,130,
Command,Sell,Item,"Wednesday, November 27, 2019 7:53:12 PM EST","Absol_Legacy",3,PINK_STAINED_GLASS,0,"Absol_Legacy",2.34,money,$,"world",-755,64,-478,
Command,Sell,Item,"Thursday, November 28, 2019 2:12:29 PM EST","Absol_Legacy",2,DROPPER,0,"Absol_Legacy",16.18,money,$,"world",-752,64,-481,
Command,Sell,Item,"Thursday, November 28, 2019 9:34:10 PM EST","Absol_Legacy",5,BLACK_WOOL,0,"Absol_Legacy",27.5,money,$,"world",-751,64,-479,
Command,Sell,Item,"Thursday, November 28, 2019 9:34:16 PM EST","Absol_Legacy",3,GRAY_WOOL,0,"Absol_Legacy",16.5,money,$,"world",-751,64,-479,
Command,Sell,Item,"Thursday, November 28, 2019 9:34:22 PM EST","Absol_Legacy",2,BROWN_WOOL,0,"Absol_Legacy",11.0,money,$,"world",-751,64,-479,
Command,Sell,Item,"Thursday, November 28, 2019 11:37:31 PM EST","booperdooper222",704,JUNGLE_PLANKS,0,"booperdooper222",1232.00,money,$,"world",-213,82,136,
Command,Sell,Item,"Thursday, November 28, 2019 11:38:15 PM EST","DatRandomPanda",81,DIRT,0,"DatRandomPanda",42.93,money,$,"world",-1782,67,1688,
Command,Sell,Item,"Thursday, November 28, 2019 11:43:48 PM EST","booperdooper222",1024,JUNGLE_LOG,0,"booperdooper222",7168.0,money,$,"world",-310,69,37,
Command,Sell,Item,"Thursday, November 28, 2019 11:44:00 PM EST","booperdooper222",56,OAK_LOG,0,"booperdooper222",392.0,money,$,"world",-300,69,50,
Command,Sell,Item,"Thursday, November 28, 2019 11:44:31 PM EST","DatRandomPanda",3,EMERALD,0,"DatRandomPanda",165.0,money,$,"world",-1780,69,1687,
Command,Sell,Item,"Thursday, November 28, 2019 11:45:13 PM EST","booperdooper222",1,JUNGLE_LOG,0,"booperdooper222",7.0,money,$,"world",-152,63,160,
Command,Sell,Item,"Thursday, November 28, 2019 11:52:33 PM EST","DatRandomPanda",7,DIRT,0,"DatRandomPanda",3.71,money,$,"world",-1777,66,1684,
Command,Sell,Item,"Thursday, November 28, 2019 11:55:43 PM EST","DatRandomPanda",3,BIRCH_STAIRS,0,"DatRandomPanda",5.25,money,$,"world",-1780,69,1687,
Command,Sell,Item,"Thursday, November 28, 2019 11:55:53 PM EST","booperdooper222",1,EMERALD,0,"booperdooper222",55.0,money,$,"world",-316,68,99,
Command,Sell,Item,"Thursday, November 28, 2019 11:56:09 PM EST","DatRandomPanda",2,BIRCH_DOOR,0,"DatRandomPanda",6.84,money,$,"world",-1780,68,1688,
Command,Sell,Item,"Friday, November 29, 2019 12:01:43 AM EST","DatRandomPanda",19,DIRT,0,"DatRandomPanda",10.07,money,$,"world",-1861,63,1825,
Command,Sell,Item,"Friday, November 29, 2019 12:01:49 AM EST","DatRandomPanda",1,EMERALD,0,"DatRandomPanda",55.0,money,$,"world",-1853,65,1809,
Command,Sell,Item,"Friday, November 29, 2019 12:03:49 AM EST","booperdooper222",896,JUNGLE_LOG,0,"booperdooper222",6272.0,money,$,"world",-273,64,447,
Command,Sell,Item,"Friday, November 29, 2019 12:06:53 AM EST","booperdooper222",645,BAMBOO,0,"booperdooper222",387.0,money,$,"world",-262,65,509,
Command,Sell,Item,"Friday, November 29, 2019 12:14:25 AM EST","booperdooper222",1,EMERALD,0,"booperdooper222",55.0,money,$,"world",-289,65,480,
Command,Sell,Item,"Friday, November 29, 2019 12:33:14 AM EST","booperdooper222",1,EMERALD,0,"booperdooper222",55.0,money,$,"world",-288,65,482,
Command,Sell,Item,"Friday, November 29, 2019 12:42:56 AM EST","booperdooper222",1,EMERALD,0,"booperdooper222",55.0,money,$,"world",-288,67,474,
Command,Sell,Item,"Friday, November 29, 2019 11:43:54 AM EST","Absol_Legacy",64,STICK,0,"Absol_Legacy",14.08,money,$,"world",-752,64,-481,
Command,Sell,Item,"Friday, November 29, 2019 11:44:10 AM EST","Absol_Legacy",64,STICK,0,"Absol_Legacy",14.08,money,$,"world",-752,64,-481,
Command,Sell,Item,"Friday, November 29, 2019 11:44:15 AM EST","Absol_Legacy",64,STICK,0,"Absol_Legacy",14.08,money,$,"world",-752,64,-481,
Command,Sell,Item,"Friday, November 29, 2019 11:44:19 AM EST","Absol_Legacy",64,STICK,0,"Absol_Legacy",14.08,money,$,"world",-752,64,-481,
Command,Sell,Item,"Friday, November 29, 2019 11:44:29 AM EST","Absol_Legacy",64,STICK,0,"Absol_Legacy",14.08,money,$,"world",-752,64,-481,
Command,Sell,Item,"Friday, November 29, 2019 11:44:32 AM EST","Absol_Legacy",64,STICK,0,"Absol_Legacy",14.08,money,$,"world",-752,64,-481,
Command,Sell,Item,"Friday, November 29, 2019 11:44:33 AM EST","Absol_Legacy",64,STICK,0,"Absol_Legacy",14.08,money,$,"world",-752,64,-481,
Command,Sell,Item,"Friday, November 29, 2019 11:44:35 AM EST","Absol_Legacy",64,STICK,0,"Absol_Legacy",14.08,money,$,"world",-752,64,-481,
Command,Sell,Item,"Friday, November 29, 2019 11:44:46 AM EST","Absol_Legacy",64,STICK,0,"Absol_Legacy",14.08,money,$,"world",-752,64,-481,
Command,Sell,Item,"Friday, November 29, 2019 11:44:48 AM EST","Absol_Legacy",64,STICK,0,"Absol_Legacy",14.08,money,$,"world",-752,64,-481,
Command,Sell,Item,"Monday, December 2, 2019 1:18:45 PM EST","Absol_Legacy",41,OAK_LOG,0,"Absol_Legacy",287.0,money,$,"world",-754,64,-484,
Command,Sell,Item,"Monday, December 2, 2019 1:27:43 PM EST","Absol_Legacy",18,OAK_LOG,0,"Absol_Legacy",126.0,money,$,"world",-765,64,-492,
Command,Sell,Item,"Monday, December 2, 2019 1:28:18 PM EST","Absol_Legacy",64,STICK,0,"Absol_Legacy",14.08,money,$,"world",-753,64,-485,
Command,Sell,Item,"Monday, December 2, 2019 1:28:34 PM EST","Absol_Legacy",128,STICK,0,"Absol_Legacy",28.16,money,$,"world",-753,64,-485,
Command,Sell,Item,"Monday, December 2, 2019 1:28:42 PM EST","Absol_Legacy",128,STICK,0,"Absol_Legacy",28.16,money,$,"world",-753,64,-485,
Command,Sell,Item,"Friday, December 13, 2019 11:30:20 PM EST","Absol_Legacy",1,BOW,0,"Absol_Legacy",9.97,money,$,"world",-756,64,-491,
Command,Sell,Item,"Friday, December 13, 2019 11:30:40 PM EST","Absol_Legacy",1,BOW,0,"Absol_Legacy",9.97,money,$,"world",-774,61,-495,
Command,Sell,Item,"Saturday, December 14, 2019 10:46:07 PM EST","WizzleWuzzle",1,KELP,0,"WizzleWuzzle",0.7,money,$,"world",-651,62,-1038,
Command,Sell,Item,"Monday, December 16, 2019 8:09:17 PM EST","WizzleWuzzle",64,STICK,0,"WizzleWuzzle",14.08,money,$,"world",-654,62,-1038,
Command,Sell,Item,"Monday, December 16, 2019 8:09:21 PM EST","WizzleWuzzle",64,STICK,0,"WizzleWuzzle",14.08,money,$,"world",-654,62,-1038,
Command,Sell,Item,"Monday, December 16, 2019 8:09:28 PM EST","WizzleWuzzle",54,STICK,0,"WizzleWuzzle",11.88,money,$,"world",-654,62,-1038,
Command,Sell,Item,"Monday, December 16, 2019 9:21:48 PM EST","Absol_Legacy",1,BONE_MEAL,0,"Absol_Legacy",0.3,money,$,"world",-930,17,-492,
Command,Sell,Item,"Monday, December 16, 2019 9:22:10 PM EST","Absol_Legacy",1,BONE,0,"Absol_Legacy",1.75,money,$,"world",-930,17,-491,
Command,Sell,Item,"Monday, December 16, 2019 9:52:14 PM EST","WizzleWuzzle",64,STICK,0,"WizzleWuzzle",14.08,money,$,"world",-646,63,-1037,
Command,Sell,Item,"Monday, December 16, 2019 9:52:22 PM EST","WizzleWuzzle",124,STICK,0,"WizzleWuzzle",27.28,money,$,"world",-646,63,-1037,
Command,Sell,Item,"Tuesday, December 17, 2019 11:12:48 AM EST","andydragonbolt",763,CHARCOAL,0,"andydragonbolt",5119.73,money,$,"world",-168,65,136,
Command,Sell,Item,"Friday, December 20, 2019 9:29:00 PM EST","WizzleWuzzle",1,NETHERRACK,0,"WizzleWuzzle",1.0,money,$,"world_nether",-79,119,-130,
Command,Sell,Item,"Wednesday, December 25, 2019 3:44:05 PM EST","andydragonbolt",1,SUNFLOWER,0,"andydragonbolt",3.3,money,$,"world",-1574,62,21,
Command,Sell,Item,"Wednesday, December 25, 2019 3:44:13 PM EST","andydragonbolt",64,BAMBOO,0,"andydragonbolt",38.4,money,$,"world",-1574,62,21,
Command,Sell,Item,"Wednesday, December 25, 2019 3:46:24 PM EST","andydragonbolt",1,ROSE_BUSH,0,"andydragonbolt",1.1,money,$,"world",-1561,66,16,
Command,Sell,Item,"Wednesday, December 25, 2019 3:46:26 PM EST","andydragonbolt",3,DARK_OAK_DOOR,0,"andydragonbolt",10.26,money,$,"world",-1561,66,16,
Command,Sell,Item,"Wednesday, December 25, 2019 3:46:29 PM EST","andydragonbolt",2,DANDELION,0,"andydragonbolt",2.64,money,$,"world",-1561,66,16,
Command,Sell,Item,"Wednesday, December 25, 2019 3:46:31 PM EST","andydragonbolt",1,WHEAT_SEEDS,0,"andydragonbolt",1.1,money,$,"world",-1561,66,16,
Command,Sell,Item,"Thursday, December 26, 2019 12:02:21 AM EST","MuseTheMoose",14,EMERALD,0,"MuseTheMoose",770.0,money,$,"world",-1375,73,54,
Command,Sell,Item,"Thursday, December 26, 2019 12:02:28 AM EST","MuseTheMoose",64,DARK_OAK_LOG,0,"MuseTheMoose",192.0,money,$,"world",-1375,73,53,
Command,Sell,Item,"Thursday, December 26, 2019 12:02:34 AM EST","MuseTheMoose",256,DARK_OAK_PLANKS,0,"MuseTheMoose",448.00,money,$,"world",-1375,73,53,
Command,Sell,Item,"Thursday, December 26, 2019 12:02:52 AM EST","MuseTheMoose",1536,DARK_OAK_PLANKS,0,"MuseTheMoose",2688.00,money,$,"world",-1375,73,53,
Command,Sell,Item,"Saturday, December 28, 2019 3:58:15 AM EST","andydragonbolt",1,OAK_SAPLING,0,"andydragonbolt",1.8,money,$,"world",-1548,63,16,
Command,Sell,Item,"Saturday, December 28, 2019 4:08:33 AM EST","andydragonbolt",389,BAMBOO,0,"andydragonbolt",233.4,money,$,"world",-103,63,138,
Command,Sell,Item,"Saturday, December 28, 2019 4:08:57 AM EST","andydragonbolt",64,KELP,0,"andydragonbolt",44.8,money,$,"world",-99,63,131,
Command,Sell,Item,"Saturday, December 28, 2019 4:09:00 AM EST","andydragonbolt",1,WHEAT_SEEDS,0,"andydragonbolt",1.1,money,$,"world",-99,63,131,
Command,Sell,Item,"Monday, December 30, 2019 8:18:21 PM EST","WizzleWuzzle",1,PUMPKIN,0,"WizzleWuzzle",6.0,money,$,"world",-653,62,-1039,
Command,Sell,Item,"Monday, December 30, 2019 8:18:31 PM EST","WizzleWuzzle",1,SUGAR_CANE,0,"WizzleWuzzle",0.55,money,$,"world",-655,62,-1039,
Command,Sell,Item,"Thursday, January 2, 2020 10:54:27 PM EST","andydragonbolt",51,WHEAT_SEEDS,0,"andydragonbolt",56.1,money,$,"world",-181,63,63,
Command,Sell,Item,"Thursday, January 2, 2020 11:03:16 PM EST","andydragonbolt",7,PUMPKIN,0,"andydragonbolt",42.0,money,$,"world",-180,63,52,
Command,Sell,Item,"Sunday, January 12, 2020 7:54:06 PM EST","Utraz",2,EMERALD,0,"Utraz",110.0,money,$,"world",-394,66,15,
Command,Sell,Item,"Sunday, January 12, 2020 8:03:22 PM EST","andydragonbolt",37,SUGAR_CANE,0,"andydragonbolt",20.35,money,$,"world",-152,63,64,
Command,Sell,Item,"Sunday, January 12, 2020 8:18:36 PM EST","Utraz",1,EMERALD,0,"Utraz",55.0,money,$,"world",1218,71,4174,
Command,Sell,Item,"Sunday, January 12, 2020 8:20:39 PM EST","Utraz",1,EMERALD,0,"Utraz",55.0,money,$,"world",1232,71,4190,
Command,Sell,Item,"Sunday, January 12, 2020 8:34:38 PM EST","Utraz",1,EMERALD,0,"Utraz",55.0,money,$,"world",-735,63,-410,
Command,Sell,Item,"Sunday, January 12, 2020 8:49:35 PM EST","Utraz",1,EMERALD,0,"Utraz",55.0,money,$,"world",-461,79,33,
Command,Sell,Item,"Sunday, January 12, 2020 8:58:25 PM EST","cbdread122",1,SALMON,0,"cbdread122",3.58,money,$,"world",-549,63,66,
Command,Sell,Item,"Sunday, January 12, 2020 9:06:28 PM EST","Utraz",1,EMERALD,0,"Utraz",55.0,money,$,"world",-398,63,80,
Command,Sell,Item,"Sunday, January 12, 2020 9:14:39 PM EST","andydragonbolt",13,BAMBOO,0,"andydragonbolt",7.8,money,$,"world",-169,64,130,
Command,Sell,Item,"Sunday, January 12, 2020 9:21:13 PM EST","Utraz",1,EMERALD,0,"Utraz",55.0,money,$,"world",-387,63,30,
Command,Sell,Item,"Sunday, January 12, 2020 9:37:53 PM EST","Utraz",1,EMERALD,0,"Utraz",55.0,money,$,"world",-1368,64,-20,
Command,Sell,Item,"Sunday, January 12, 2020 9:53:31 PM EST","Utraz",1,EMERALD,0,"Utraz",55.0,money,$,"world",-247,72,126,
Command,Sell,Item,"Monday, January 13, 2020 10:48:53 AM EST","andydragonbolt",7,WHEAT_SEEDS,0,"andydragonbolt",7.7,money,$,"world",-168,64,130,
Command,Sell,Item,"Wednesday, January 15, 2020 11:34:15 AM EST","andydragonbolt",1,BOW,0,"andydragonbolt",9.97,money,$,"world",800,10,690,
Command,Sell,Item,"Wednesday, January 15, 2020 11:34:25 AM EST","andydragonbolt",64,ARROW,0,"andydragonbolt",44.16,money,$,"world",800,10,688,
Command,Sell,Item,"Wednesday, January 15, 2020 11:46:14 AM EST","andydragonbolt",1344,ARROW,0,"andydragonbolt",927.36,money,$,"world",799,10,686,
Command,Sell,Item,"Wednesday, January 15, 2020 11:49:03 AM EST","andydragonbolt",172,ARROW,0,"andydragonbolt",118.68,money,$,"world",800,10,688,
Command,Sell,Item,"Wednesday, January 15, 2020 4:15:46 PM EST","andydragonbolt",1152,ARROW,0,"andydragonbolt",794.88,money,$,"world",801,10,686,
Command,Sell,Item,"Wednesday, January 15, 2020 4:15:52 PM EST","andydragonbolt",577,ARROW,0,"andydragonbolt",398.13,money,$,"world",801,10,686,
Command,Sell,Item,"Thursday, January 23, 2020 5:13:38 PM EST","andydragonbolt",404,SPRUCE_SAPLING,0,"andydragonbolt",727.2,money,$,"world",-265,74,131,
Command,Sell,Item,"Thursday, January 23, 2020 5:13:48 PM EST","andydragonbolt",1408,OAK_SAPLING,0,"andydragonbolt",2534.4,money,$,"world",-246,72,132,
Command,Sell,Item,"Thursday, January 23, 2020 5:13:52 PM EST","andydragonbolt",211,STICK,0,"andydragonbolt",46.42,money,$,"world",-241,72,142,
Command,Sell,Item,"Saturday, January 25, 2020 10:08:41 AM EST","andydragonbolt",202,STICK,0,"andydragonbolt",44.44,money,$,"world",-239,72,151,
Command,Sell,Item,"Saturday, January 25, 2020 10:16:22 AM EST","andydragonbolt",125,NETHERRACK,0,"andydragonbolt",125.0,money,$,"world",-163,64,130,
Command,Sell,Item,"Saturday, January 25, 2020 11:03:09 AM EST","andydragonbolt",3,WHEAT_SEEDS,0,"andydragonbolt",3.3,money,$,"world",-237,72,133,
Command,Sell,Item,"Saturday, January 25, 2020 1:21:01 PM EST","andydragonbolt",66,STICK,0,"andydragonbolt",14.52,money,$,"world",-243,73,141,
Command,Sell,Item,"Sunday, January 26, 2020 9:27:06 AM EST","andydragonbolt",1,WHEAT_SEEDS,0,"andydragonbolt",1.1,money,$,"world",-168,64,129,
Command,Sell,Item,"Sunday, January 26, 2020 6:01:42 PM EST","andydragonbolt",192,JUNGLE_SAPLING,0,"andydragonbolt",345.6,money,$,"world",-245,72,132,
Command,Sell,Item,"Sunday, January 26, 2020 8:58:21 PM EST","andydragonbolt",32,STICK,0,"andydragonbolt",7.04,money,$,"world",-172,65,132,
Command,Sell,Item,"Sunday, January 26, 2020 9:34:28 PM EST","andydragonbolt",3,WHEAT_SEEDS,0,"andydragonbolt",3.3,money,$,"world",-166,64,129,
Command,Sell,Item,"Sunday, January 26, 2020 9:46:50 PM EST","andydragonbolt",58,WHEAT_SEEDS,0,"andydragonbolt",63.8,money,$,"world",-179,62,67,
Command,Sell,Item,"Sunday, January 26, 2020 9:56:35 PM EST","andydragonbolt",162,STICK,0,"andydragonbolt",35.64,money,$,"world",-253,72,134,
Command,Sell,Item,"Sunday, January 26, 2020 9:56:41 PM EST","andydragonbolt",19,WHEAT,0,"andydragonbolt",62.7,money,$,"world",-237,72,136,
Command,Sell,Item,"Sunday, January 26, 2020 10:02:57 PM EST","andydragonbolt",32,CHARCOAL,0,"andydragonbolt",214.72,money,$,"world",-243,72,146,
Command,Sell,Item,"Sunday, January 26, 2020 10:03:05 PM EST","andydragonbolt",32,SPRUCE_LOG,0,"andydragonbolt",96.0,money,$,"world",-262,73,130,
Command,Sell,Item,"Sunday, January 26, 2020 10:12:25 PM EST","andydragonbolt",1051,CHARCOAL,0,"andydragonbolt",7052.21,money,$,"world",-164,64,131,
Command,Sell,Item,"Sunday, January 26, 2020 10:13:06 PM EST","andydragonbolt",3,WHITE_BANNER,0,"andydragonbolt",99,money,$,"world",-164,64,130,
Command,Sell,Item,"Sunday, January 26, 2020 10:13:32 PM EST","andydragonbolt",1,EMERALD,0,"andydragonbolt",55.0,money,$,"world",-168,64,130,
Command,Sell,Item,"Sunday, January 26, 2020 10:13:52 PM EST","andydragonbolt",224,EMERALD,0,"andydragonbolt",12320.0,money,$,"world",-168,64,130,
Command,Sell,Item,"Sunday, January 26, 2020 10:16:54 PM EST","andydragonbolt",82,BAMBOO,0,"andydragonbolt",49.2,money,$,"world",-129,63,189,
Command,Sell,Item,"Sunday, January 26, 2020 10:16:57 PM EST","andydragonbolt",4,BAMBOO,0,"andydragonbolt",2.4,money,$,"world",-130,63,190,
Command,Sell,Item,"Sunday, January 26, 2020 10:17:20 PM EST","andydragonbolt",832,BAMBOO,0,"andydragonbolt",499.2,money,$,"world",-116,75,198,
Command,Sell,Item,"Sunday, January 26, 2020 10:17:31 PM EST","andydragonbolt",142,COAL,0,"andydragonbolt",1249.6,money,$,"world",-117,76,198,
Command,Sell,Item,"Sunday, January 26, 2020 10:18:28 PM EST","andydragonbolt",93,WHEAT_SEEDS,0,"andydragonbolt",102.3,money,$,"world",-103,63,188,
Command,Sell,Item,"Sunday, January 26, 2020 10:19:08 PM EST","andydragonbolt",456,BAMBOO,0,"andydragonbolt",273.6,money,$,"world",-89,63,222,
Command,Sell,Item,"Sunday, January 26, 2020 10:19:11 PM EST","andydragonbolt",24,BAMBOO,0,"andydragonbolt",14.4,money,$,"world",-85,63,219,
Command,Sell,Item,"Sunday, January 26, 2020 10:32:03 PM EST","andydragonbolt",1392,CHARCOAL,0,"andydragonbolt",9340.32,money,$,"world",-244,74,149,
Command,Sell,Item,"Sunday, January 26, 2020 10:32:51 PM EST","andydragonbolt",1,EMERALD,0,"andydragonbolt",55.0,money,$,"world",-243,72,142,
Command,Sell,Item,"Sunday, January 26, 2020 10:57:46 PM EST","andydragonbolt",300,JUNGLE_SAPLING,0,"andydragonbolt",540.0,money,$,"world",-108,65,429,
Command,Sell,Item,"Sunday, January 26, 2020 11:06:46 PM EST","andydragonbolt",1,OAK_LEAVES,0,"andydragonbolt",2.2,money,$,"world",-217,72,432,
Command,Sell,Item,"Sunday, January 26, 2020 11:08:05 PM EST","andydragonbolt",132,OAK_SAPLING,0,"andydragonbolt",237.6,money,$,"world",-246,72,132,
Command,Sell,Item,"Sunday, January 26, 2020 11:08:08 PM EST","andydragonbolt",77,JUNGLE_SAPLING,0,"andydragonbolt",138.6,money,$,"world",-246,72,132,
Command,Sell,Item,"Sunday, January 26, 2020 11:08:10 PM EST","andydragonbolt",15,COCOA_BEANS,0,"andydragonbolt",30.75,money,$,"world",-246,72,132,
Command,Sell,Item,"Sunday, January 26, 2020 11:08:22 PM EST","andydragonbolt",181,STICK,0,"andydragonbolt",39.82,money,$,"world",-264,73,131,
Command,Sell,Item,"Sunday, January 26, 2020 11:12:09 PM EST","andydragonbolt",90,OAK_SAPLING,0,"andydragonbolt",162.0,money,$,"world",-263,73,131,
Command,Sell,Item,"Sunday, January 26, 2020 11:12:11 PM EST","andydragonbolt",140,JUNGLE_SAPLING,0,"andydragonbolt",252.0,money,$,"world",-263,73,130,
Command,Sell,Item,"Sunday, January 26, 2020 11:12:19 PM EST","andydragonbolt",182,STICK,0,"andydragonbolt",40.04,money,$,"world",-264,73,131,
Command,Sell,Item,"Sunday, January 26, 2020 11:14:45 PM EST","andydragonbolt",73,JUNGLE_SAPLING,0,"andydragonbolt",131.4,money,$,"world",-175,64,288,
Command,Sell,Item,"Sunday, January 26, 2020 11:14:50 PM EST","andydragonbolt",12,COCOA_BEANS,0,"andydragonbolt",24.60,money,$,"world",-177,64,290,
Command,Sell,Item,"Sunday, January 26, 2020 11:14:52 PM EST","andydragonbolt",174,STICK,0,"andydragonbolt",38.28,money,$,"world",-177,64,290,
Command,Sell,Item,"Sunday, January 26, 2020 11:14:55 PM EST","andydragonbolt",73,OAK_SAPLING,0,"andydragonbolt",131.4,money,$,"world",-177,64,290,
Command,Sell,Item,"Sunday, January 26, 2020 11:14:57 PM EST","andydragonbolt",4,ROTTEN_FLESH,0,"andydragonbolt",4.4,money,$,"world",-177,64,290,
Command,Sell,Item,"Sunday, January 26, 2020 11:15:53 PM EST","andydragonbolt",23,JUNGLE_SAPLING,0,"andydragonbolt",41.4,money,$,"world",-263,73,131,
Command,Sell,Item,"Sunday, January 26, 2020 11:15:55 PM EST","andydragonbolt",2,JUNGLE_PLANKS,0,"andydragonbolt",3.50,money,$,"world",-263,73,131,
Command,Sell,Item,"Sunday, January 26, 2020 11:15:57 PM EST","andydragonbolt",2,WHEAT_SEEDS,0,"andydragonbolt",2.2,money,$,"world",-263,73,131,
Command,Sell,Item,"Sunday, January 26, 2020 11:16:00 PM EST","andydragonbolt",34,OAK_SAPLING,0,"andydragonbolt",61.2,money,$,"world",-263,73,131,
Command,Sell,Item,"Sunday, January 26, 2020 11:21:27 PM EST","andydragonbolt",36,OAK_SAPLING,0,"andydragonbolt",64.8,money,$,"world",-264,73,131,
Command,Sell,Item,"Sunday, January 26, 2020 11:21:30 PM EST","andydragonbolt",137,JUNGLE_SAPLING,0,"andydragonbolt",246.6,money,$,"world",-264,73,131,
Command,Sell,Item,"Sunday, January 26, 2020 11:21:33 PM EST","andydragonbolt",180,STICK,0,"andydragonbolt",39.60,money,$,"world",-264,73,131,
Command,Sell,Item,"Sunday, January 26, 2020 11:22:40 PM EST","andydragonbolt",3,WHEAT_SEEDS,0,"andydragonbolt",3.3,money,$,"world",-264,73,131,
Command,Sell,Item,"Sunday, January 26, 2020 11:26:51 PM EST","andydragonbolt",35,JUNGLE_SAPLING,0,"andydragonbolt",63.0,money,$,"world",-269,73,142,
Command,Sell,Item,"Sunday, January 26, 2020 11:49:20 PM EST","andydragonbolt",258,CHARCOAL,0,"andydragonbolt",1731.18,money,$,"world",-180,69,125,
Command,Sell,Item,"Monday, January 27, 2020 12:02:54 AM EST","andydragonbolt",1612,CHARCOAL,0,"andydragonbolt",10816.52,money,$,"world",-162,64,130,
Command,Sell,Item,"Monday, January 27, 2020 12:58:17 AM EST","andydragonbolt",1472,BAMBOO,0,"andydragonbolt",883.2,money,$,"world",-1574,62,21,
Command,Sell,Item,"Monday, January 27, 2020 12:58:22 AM EST","andydragonbolt",1472,BAMBOO,0,"andydragonbolt",883.2,money,$,"world",-1574,60,21,
Command,Sell,Item,"Tuesday, January 28, 2020 2:59:24 PM UTC","andydragonbolt",6,STICK,0,"andydragonbolt",1.32,money,$,"world",-251,65,55,
Command,Pay,Player,"Friday, February 21, 2020 12:36:24 AM EST","Deckman716",1,money,$,"andydragonbolt",1,money,$,"world",-1832,55,309,
Command,Pay,Player,"Friday, February 21, 2020 12:36:41 AM EST","andydragonbolt",1,money,$,"Deckman716",1,money,$,"world",-170,65,136,
Command,Pay,Player,"Friday, February 21, 2020 12:37:16 AM EST","andydragonbolt",150,money,$,"Deckman716",150,money,$,"world",-170,65,137,
Command,Pay,Player,"Saturday, February 22, 2020 5:28:17 PM EST","Kranky916",2000.00,money,$,"Illium03",2000.00,money,$,"world",-2344,76,-2047,
Command,Pay,Player,"Sunday, February 23, 2020 7:35:58 PM EST","andydragonbolt",25,money,$,"markm0591",25,money,$,"world",-2559,72,-1074,
Command,Pay,Player,"Sunday, February 23, 2020 7:43:33 PM EST","andydragonbolt",500,money,$,"markm0591",500,money,$,"world",-2559,72,-1080,
Command,Pay,Player,"Sunday, February 23, 2020 10:08:07 PM EST","andydragonbolt",1500,money,$,"markm0591",1500,money,$,"world",-1771,70,1744,
Command,Pay,Player,"Sunday, March 1, 2020 8:52:00 PM EST","andydragonbolt",50,money,$,"Gengyo32",50,money,$,"world",-196,50,379,
Command,Pay,Player,"Monday, March 9, 2020 8:09:45 PM EST","andydragonbolt",3,money,$,"BananaBabe18",3,money,$,"world",-1384,65,-87,
Command,Pay,Player,"Monday, March 16, 2020 4:05:38 PM EST","Kranky916",12.00,money,$,"daarkies",12.00,money,$,"world_nether",-524,48,383,
Command,Pay,Player,"Monday, March 16, 2020 4:05:42 PM EST","NoahPlay",12,money,$,"daarkies",12,money,$,"world",-626,63,-1868,
Command,Pay,Player,"Tuesday, March 17, 2020 12:54:53 PM EST","PSYCHOTIC_NOXXIC",500,money,$,"andydragonbolt",500,money,$,"world",-2571,72,-1080,
Command,Pay,Player,"Tuesday, March 17, 2020 4:34:57 PM EST","daarkies",200,money,$,"PSYCHOTIC_NOXXIC",200,money,$,"world",-2563,72,-1074,
Command,Pay,Player,"Tuesday, March 17, 2020 4:45:25 PM EST","andydragonbolt",25,money,$,"PSYCHOTIC_NOXXIC",25,money,$,"world",1603,71,2246,
Command,Pay,Player,"Tuesday, March 17, 2020 4:55:52 PM EST","daarkies",500,money,$,"andydragonbolt",500,money,$,"world",-2563,72,-1065,
Command,Pay,Player,"Wednesday, March 18, 2020 9:48:28 PM EST","PSYCHOTIC_NOXXIC",1000,money,$,"seranikas",1000,money,$,"world",-3524,67,-1398,
Command,Pay,Player,"Wednesday, March 18, 2020 9:51:57 PM EST","PSYCHOTIC_NOXXIC",10000,money,$,"seranikas",10000,money,$,"world",-3474,72,-1312,
Command,Pay,Player,"Thursday, March 19, 2020 5:25:16 PM EST","daarkies",1000,money,$,"Ego_tistical",1000,money,$,"world",-1439,66,-697,
Command,Pay,Player,"Thursday, March 19, 2020 5:37:45 PM EST","andydragonbolt",1000,money,$,"DonutKnightDI",1000,money,$,"world",-1260,64,706,
Command,Pay,Player,"Thursday, March 19, 2020 7:42:56 PM EST","andydragonbolt",400,money,$,"DonutKnightDI",400,money,$,"world",-1253,64,701,
Command,Pay,Player,"Thursday, March 19, 2020 8:14:33 PM EST","andydragonbolt",100,money,$,"DonutKnightDI",100,money,$,"world",-1266,64,689,
Command,Pay,Player,"Friday, March 20, 2020 11:01:50 AM EST","andydragonbolt",4250,money,$,"DonutKnightDI",4250,money,$,"world",-1268,64,705,
Command,Pay,Player,"Saturday, March 28, 2020 4:33:33 PM EST","PSYCHOTIC_NOXXIC",1600,money,$,"cbdread122",1600,money,$,"world",1625,7,2295,
Command,Pay,Player,"Sunday, March 29, 2020 7:10:27 PM EST","andydragonbolt",20,money,$,"PSYCHOTIC_NOXXIC",20,money,$,"world",-2550,81,-1207,
Command,Pay,Player,"Sunday, March 29, 2020 7:17:47 PM EST","andydragonbolt",0.5,money,$,"Shegotistical",0.5,money,$,"world",-2569,81,-993,
Command,Pay,Player,"Tuesday, March 31, 2020 7:27:05 PM EST","Kranky916",3000,money,$,"UmmSure",3000,money,$,"world",-2312,63,2258,
Command,Pay,Player,"Tuesday, March 31, 2020 8:23:49 PM EST","andydragonbolt",100,money,$,"Unbeastable",100,money,$,"world",-2875,71,-958,
Command,Pay,Player,"Thursday, April 2, 2020 4:54:19 PM EST","andydragonbolt",0.01,money,$,"PSYCHOTIC_NOXXIC",0.01,money,$,"world",-1019,8,61,
Command,Pay,Player,"Thursday, April 2, 2020 4:54:37 PM EST","PSYCHOTIC_NOXXIC",0.01,money,$,"andydragonbolt",0.01,money,$,"world",-1016,8,61,
Command,Pay,Player,"Friday, April 3, 2020 2:51:57 PM EST","PSYCHOTIC_NOXXIC",420,money,$,"markm0591",420,money,$,"world",-1720,63,1741,
Command,Pay,Player,"Friday, April 10, 2020 12:46:39 PM EST","andydragonbolt",10,money,$,"DonutKnightDI",10,money,$,"world",-1163,65,62,
Command,Pay,Player,"Monday, April 13, 2020 9:38:48 PM EST","Kranky916",5000.00,money,$,"Illium03",5000.00,money,$,"world",903,55,-5858,
Command,Pay,Player,"Monday, April 13, 2020 9:39:42 PM EST","Kranky916",372,money,$,"Illium03",372,money,$,"world",903,55,-5858,
Command,Pay,Player,"Tuesday, April 14, 2020 8:16:32 PM EST","andydragonbolt",20,money,$,"DonutKnightDI",20,money,$,"world",-2409,78,-2002,
Command,Pay,Player,"Wednesday, April 15, 2020 4:50:51 PM EST","andydragonbolt",5,money,$,"skitflow",5,money,$,"world",-2558,81,-1171,
Command,Pay,Player,"Wednesday, April 15, 2020 4:52:41 PM EST","andydragonbolt",5,money,$,"skitflow",5,money,$,"world",-2559,81,-1171,
Command,Pay,Player,"Wednesday, April 15, 2020 4:52:42 PM EST","andydragonbolt",5,money,$,"skitflow",5,money,$,"world",-2559,81,-1171,
Command,Pay,Player,"Wednesday, April 15, 2020 4:52:42 PM EST","andydragonbolt",5,money,$,"skitflow",5,money,$,"world",-2559,81,-1171,
Command,Pay,Player,"Thursday, April 16, 2020 2:03:48 PM EST","andydragonbolt",20,money,$,"DonutKnightDI",20,money,$,"world",-2563,72,-1105,
Command,Pay,Player,"Thursday, April 16, 2020 7:38:22 PM EST","andydragonbolt",20,money,$,"Shegotistical",20,money,$,"world",-2565,81,-1181,
Command,Pay,Player,"Thursday, April 16, 2020 7:48:47 PM EST","andydragonbolt",1,money,$,"DonutKnightDI",1,money,$,"world",-1283,66,718,
Command,Pay,Player,"Thursday, April 16, 2020 8:37:29 PM EST","DonutKnightDI",1.50,money,$,"andydragonbolt",1.50,money,$,"world",-190,64,309,
Command,Pay,Player,"Thursday, April 16, 2020 8:37:46 PM EST","DonutKnightDI",148.5,money,$,"andydragonbolt",148.5,money,$,"world",-190,64,309,
Command,Pay,Player,"Friday, April 17, 2020 2:58:30 PM EST","andydragonbolt",1000,money,$,"MagmaOD",1000,money,$,"world",-1021,72,-530,
Command,Pay,Player,"Friday, April 17, 2020 3:05:50 PM EST","andydragonbolt",0.01,money,$,"MagmaOD",0.01,money,$,"world",-2596,78,-1107,
Command,Pay,Player,"Friday, April 17, 2020 8:04:29 PM EST","andydragonbolt",50,money,$,"Fiore_Cake",50,money,$,"world",-1081,6,37,
Command,Pay,Player,"Friday, April 17, 2020 8:07:15 PM EST","andydragonbolt",500,money,$,"Ryanbw94",500,money,$,"world",-1063,6,35,
Command,Pay,Player,"Friday, April 17, 2020 10:12:49 PM EST","andydragonbolt",100,money,$,"Ryanbw94",100,money,$,"world",-144,64,321,
Command,Pay,Player,"Friday, April 17, 2020 10:20:52 PM EST","WizzleWuzzle",200,money,$,"andydragonbolt",200,money,$,"world",-165,50,356,
Command,Pay,Player,"Monday, April 20, 2020 12:25:43 PM EST","andydragonbolt",20,money,$,"Hammerslay1",20,money,$,"world",-3629,76,638,
Command,Pay,Player,"Monday, April 20, 2020 1:15:59 PM EST","andydragonbolt",400,money,$,"StarlightKoshka",400,money,$,"world",-4802,64,1685,
